<?xml version="1.0" encoding="UTF-8"?>
<testng-results skipped="0" failed="0" ignored="0" total="1" passed="1">
  <reporter-output>
  </reporter-output>
  <suite name="Default suite" duration-ms="1290" started-at="2020-07-03T07:57:10Z" finished-at="2020-07-03T07:57:11Z">
    <groups>
    </groups>
    <test name="Default test" duration-ms="1290" started-at="2020-07-03T07:57:10Z" finished-at="2020-07-03T07:57:11Z">
      <class name="com.tieto.openemrtest.DemoTest">
        <test-method status="PASS" signature="excelRead()[pri:0, instance:com.tieto.openemrtest.DemoTest@523884b2]" name="excelRead" duration-ms="1215" started-at="2020-07-03T07:57:10Z" finished-at="2020-07-03T07:57:11Z">
          <reporter-output>
          </reporter-output>
        </test-method> <!-- excelRead -->
      </class> <!-- com.tieto.openemrtest.DemoTest -->
    </test> <!-- Default test -->
  </suite> <!-- Default suite -->
</testng-results>
