<?xml version="1.0" encoding="UTF-8"?>
<!-- Generated by org.testng.reporters.JUnitXMLReporter -->
<testsuite hostname="WL313813" ignored="1" name="Login Test" tests="1" failures="0" timestamp="02 Jul 2020 13:30:24 GMT" time="17.553" errors="0">
  <testcase name="validCredentialTest" time="6.549" classname="com.tieto.openemrtest.LoginTest"/>
  <testcase name="invalidCredentialTest" time="0.0" classname="com.tieto.openemrtest.LoginTest">
    <ignored/>
  </testcase> <!-- invalidCredentialTest -->
</testsuite> <!-- Login Test -->
